<?xml version="1.0" encoding="UTF-8"?>
<testng-results skipped="0" failed="0" ignored="0" total="1" passed="1">
  <reporter-output>
  </reporter-output>
  <suite name="Default suite" duration-ms="12456" started-at="2018-07-25T10:31:30Z" finished-at="2018-07-25T10:31:42Z">
    <groups>
    </groups>
    <test name="Default test" duration-ms="12456" started-at="2018-07-25T10:31:30Z" finished-at="2018-07-25T10:31:42Z">
      <class name="NewTest">
        <test-method status="PASS" signature="beforeMethod()[pri:0, instance:NewTest@3712b94]" name="beforeMethod" is-config="true" duration-ms="12285" started-at="2018-07-25T10:31:30Z" finished-at="2018-07-25T10:31:42Z">
          <reporter-output>
          </reporter-output>
        </test-method> <!-- beforeMethod -->
        <test-method status="PASS" signature="f()[pri:0, instance:NewTest@3712b94]" name="f" duration-ms="40" started-at="2018-07-25T10:31:42Z" finished-at="2018-07-25T10:31:42Z">
          <reporter-output>
          </reporter-output>
        </test-method> <!-- f -->
        <test-method status="PASS" signature="afterMethod()[pri:0, instance:NewTest@3712b94]" name="afterMethod" is-config="true" duration-ms="113" started-at="2018-07-25T10:31:42Z" finished-at="2018-07-25T10:31:42Z">
          <reporter-output>
          </reporter-output>
        </test-method> <!-- afterMethod -->
      </class> <!-- NewTest -->
    </test> <!-- Default test -->
  </suite> <!-- Default suite -->
</testng-results>
