<?xml version="1.0" encoding="UTF-8"?>
<!-- Generated by org.testng.reporters.JUnitXMLReporter -->
<testsuite hostname="A889346-1-LT" ignored="0" name="Any Name" tests="6" failures="0" timestamp="14 Aug 2018 11:32:30 GMT" time="110.622" errors="0">
  <testcase name="Data_Asset_ADD" time="12.447" classname="EDF_DC.EdfAdd"/>
  <testcase name="Schema" time="7.951" classname="EDF_DC.EdfAdd"/>
  <testcase name="transform" time="3.185" classname="EDF_DC.EdfAdd"/>
  <testcase name="AddFormat" time="10.646" classname="EDF_DC.EdfAdd"/>
  <testcase name="EndPoint" time="5.619" classname="EDF_DC.EdfAdd"/>
  <testcase name="f" time="10.69" classname="EDF_DC.DCMonitoring"/>
</testsuite> <!-- Any Name -->
